* using log directory 'C:/local/CORU/myRcode/SplineHazardRegression/..Rcheck'
* using R version 4.2.2 (2022-10-31 ucrt)
* using platform: x86_64-w64-mingw32 (64-bit)
* using session charset: UTF-8
* using option '--as-cran'
* checking for file './DESCRIPTION' ... OK
* checking extension type ... Package
* this is package 'SplineHazardRegression' version '0.1.0'
* package encoding: UTF-8
* checking CRAN incoming feasibility ... NOTE
Maintainer: 'Ferran Espuny Pujol <f.pujol@ucl.ac.uk>'

New submission

Found the following (possibly) invalid URLs:
  URL: https://doi.org/10.2307/2532989
    From: DESCRIPTION
    Status: 403
    Message: Forbidden
  URL: https://github.com/fespuny/SplineHazardRegression
    From: DESCRIPTION
    Status: 404
    Message: Not Found
  URL: https://github.com/fespuny/SplineHazardRegression/issues
    From: DESCRIPTION
    Status: 404
    Message: Not Found

The Title field should be in title case. Current version is:
'R code for spline hazard regression in survival analysis'
In title case that is:
'R Code for Spline Hazard Regression in Survival Analysis'

The Description field contains
  \href{https://doi.org/10.2307/2532989}{Biometrics, Vol. 51, No. 3
Please enclose URLs in angle brackets (<...>).
The Description field contains
  \href{https://doi.org/10.2307/2532989}{Biometrics, Vol. 51, No. 3
Please write DOIs as <doi:10.prefix/suffix>.

The build time stamp is missing.
* checking package namespace information ... OK
* checking package dependencies ... OK
* checking if this is a source package ... OK
* checking if there is a namespace ... OK
* checking for executable files ... OK
* checking for hidden files and directories ... NOTE
Found the following hidden files and directories:
  .Rhistory
  .gitignore
  ..Rcheck
  .Rproj.user
  .git
These were most likely included in error. See section 'Package
structure' in the 'Writing R Extensions' manual.

CRAN-pack does not know about
  ..Rcheck
  .git
* checking for portable file names ... OK
* checking serialization versions ... OK
* checking whether package 'SplineHazardRegression' can be installed ... WARNING
Found the following significant warnings:
  Warning: package 'splines2' was built under R version 4.2.3
  Warning: package 'pracma' was built under R version 4.2.3
See 'C:/local/CORU/myRcode/SplineHazardRegression/..Rcheck/00install.out' for details.
* checking installed package size ... OK
* checking package directory ... OK
* checking for future file timestamps ... OK
* checking DESCRIPTION meta-information ... NOTE
Checking should be performed on sources prepared by 'R CMD build'.
* checking top-level files ... NOTE
Files 'README.md' or 'NEWS.md' cannot be checked without 'pandoc' being installed.
Non-standard files/directories found at top level:
  'README.Rmd' 'SplineHazardRegression.Rproj'
  'SplineHazardRegression_0.1.0.tar.gz'
* checking for left-over files ... OK
* checking index information ... OK
* checking package subdirectories ... WARNING
Found the following directory with the name of a check directory:
  ./..Rcheck
Most likely, these were included erroneously.
Found the following directory with the name of a version control directory:
  ./.git
These should not be in a package tarball.
* checking R files for non-ASCII characters ... OK
* checking R files for syntax errors ... OK
* checking whether the package can be loaded ... OK
* checking whether the package can be loaded with stated dependencies ... OK
* checking whether the package can be unloaded cleanly ... OK
* checking whether the namespace can be loaded with stated dependencies ... OK
* checking whether the namespace can be unloaded cleanly ... OK
* checking loading without being on the library search path ... OK
* checking use of S3 registration ... OK
* checking dependencies in R code ... OK
* checking S3 generic/method consistency ... OK
* checking replacement functions ... OK
* checking foreign function calls ... OK
* checking R code for possible problems ... OK
* checking Rd files ... OK
* checking Rd metadata ... OK
* checking Rd line widths ... OK
* checking Rd cross-references ... OK
* checking for missing documentation entries ... OK
* checking for code/documentation mismatches ... OK
* checking Rd \usage sections ... OK
* checking Rd contents ... OK
* checking for unstated dependencies in examples ... OK
* checking LazyData ... NOTE
  'LazyData' is specified without a 'data' directory
* checking examples ... OK
* checking PDF version of manual ... OK
* checking for non-standard things in the check directory ... OK
* checking for detritus in the temp directory ... OK
* DONE
Status: 2 WARNINGs, 5 NOTEs
